IQ-TREE multicore version 2.1.3 COVID-edition for Linux 64-bit built Apr 21 2021
Developed by Bui Quang Minh, James Barbetti, Nguyen Lam Tung,
Olga Chernomor, Heiko Schmidt, Dominik Schrempf, Michael Woodhams.

Host:    n076.cluster.com (AVX512, FMA3, 125 GB RAM)
Command: /data/schwartzlab/eren/programs/iqtree-2.1.3-Linux/bin/iqtree2 -t /data/schwartzlab/eren/Chapter1/Concord_Analyses/ReferenceTrees/Cladograms/JarvisClad.nwk --gcf /data/schwartzlab/eren/Chapter1/Concord_Analyses/LocusTrees/CDS_loci.treefile -s /data/schwartzlab/eren/Chapter1/CONTIGS/Annotation/CONCAT/CDS/CDS_concat.fasta --scf 100 --prefix JarvisClad.nwk_CDS_concord -nt 20
Seed:    377993 (Using SPRNG - Scalable Parallel Random Number Generator)
Time:    Tue Sep 21 14:09:33 2021
Kernel:  AVX+FMA - 20 threads (36 CPU cores detected)

Reading alignment file /data/schwartzlab/eren/Chapter1/CONTIGS/Annotation/CONCAT/CDS/CDS_concat.fasta ... Fasta format detected
Alignment most likely contains DNA/RNA sequences
WARNING: 9589 sites contain only gaps or ambiguous characters.
Alignment has 32 sequences with 2237213 columns, 567491 distinct patterns
386293 parsimony-informative, 400306 singleton sites, 1450614 constant sites
        Gap/Ambiguity  Composition  p-value
   1  AnaPla   14.57%    failed      0.84%
   2  ApaVit   11.78%    failed      0.00%
   3  AptFor    7.02%    failed      0.00%
   4  BalReg    8.14%    failed      0.00%
   5  BucRhi   11.64%    failed      0.00%
   6  CarCri    8.21%    failed      0.00%
   7  ChaPel   11.68%    failed      1.70%
   8  ChaVoc    7.95%    failed      0.00%
   9  ChlMac    9.40%    failed      0.00%
  10  ColLiv   10.98%    failed      0.00%
  11  ColStr   13.19%    failed      0.00%
  12  CorBra   14.02%    failed      0.00%
  13  CucCan   10.71%    failed      0.12%
  14  EurHel   11.43%    failed      0.00%
  15  FalPer    9.70%    failed      0.00%
  16  FulGla    7.20%    failed      0.00%
  17  GalGal   15.75%    failed      0.00%
  18  GavSte    7.49%    failed      0.00%
  19  HalLeu    7.95%    failed      0.00%
  20  LepDis    8.61%    failed      3.34%
  21  MelUnd    9.73%    failed      0.10%
  22  MerNub   12.97%    failed      0.00%
  23  MesUni   10.47%    failed      0.00%
  24  OpiHoa    8.62%    failed      0.00%
  25  PelCri    7.76%    failed      0.00%
  26  PhaLep    8.16%    failed      0.00%
  27  PhoRub    7.65%    failed      0.00%
  28  PicPub   16.30%    failed      0.00%
  29  PteGut    9.46%    failed      0.00%
  30  StrCam   15.07%    failed      0.00%
  31  TauEry    8.95%    passed     72.52%
  32  TytAlb    9.12%    failed      0.00%
****  TOTAL    10.36%  31 sequences failed composition chi2 test (p-value<5%; df=3)
Reading tree /data/schwartzlab/eren/Chapter1/Concord_Analyses/ReferenceTrees/Cladograms/JarvisClad.nwk ...
rooted tree with 32 taxa and 63 branches
Reading tree(s) file /data/schwartzlab/eren/Chapter1/Concord_Analyses/LocusTrees/CDS_loci.treefile ...
13391 tree(s) loaded (0 rooted and 13391 unrooted)
Trees have different number of taxa
Computing gene concordance factor...
0.966 sec
Computing site concordance factor...
2.437 sec
Tree with concordance factors written to JarvisClad.nwk_CDS_concord.cf.tree
Annotated tree (best viewed in FigTree) written to JarvisClad.nwk_CDS_concord.cf.tree.nex
Tree with branch IDs written to JarvisClad.nwk_CDS_concord.cf.branch
Concordance factors per branch printed to JarvisClad.nwk_CDS_concord.cf.stat
Date and Time: Tue Sep 21 14:09:40 2021
