IQ-TREE multicore version 2.1.3 COVID-edition for Linux 64-bit built Apr 21 2021
Developed by Bui Quang Minh, James Barbetti, Nguyen Lam Tung,
Olga Chernomor, Heiko Schmidt, Dominik Schrempf, Michael Woodhams.

Host:    n076.cluster.com (AVX512, FMA3, 125 GB RAM)
Command: /data/schwartzlab/eren/programs/iqtree-2.1.3-Linux/bin/iqtree2 -t /data/schwartzlab/eren/Chapter1/Concord_Analyses/ReferenceTrees/Cladograms/JarvisClad.nwk --gcf /data/schwartzlab/eren/Chapter1/Concord_Analyses/LocusTrees/unannotated_loci.treefile -s /data/schwartzlab/eren/Chapter1/CONTIGS/Annotation/CONCAT/unannotated/unannotated_concat.fasta --scf 100 --prefix JarvisClad.nwk_unannotated_concord -nt 20
Seed:    386449 (Using SPRNG - Scalable Parallel Random Number Generator)
Time:    Tue Sep 21 14:10:39 2021
Kernel:  AVX+FMA - 20 threads (36 CPU cores detected)

Reading alignment file /data/schwartzlab/eren/Chapter1/CONTIGS/Annotation/CONCAT/unannotated/unannotated_concat.fasta ... Fasta format detected
Alignment most likely contains DNA/RNA sequences
WARNING: 23130 sites contain only gaps or ambiguous characters.
Alignment has 32 sequences with 6503850 columns, 2003754 distinct patterns
1194688 parsimony-informative, 1709238 singleton sites, 3599924 constant sites
        Gap/Ambiguity  Composition  p-value
   1  AnaPla   17.07%    failed      0.00%
   2  ApaVit   12.97%    failed      3.70%
   3  AptFor    7.87%    passed     91.45%
   4  BalReg    8.52%    passed     72.00%
   5  BucRhi   13.46%    failed      0.00%
   6  CarCri    8.76%    passed     96.72%
   7  ChaPel   14.60%    failed      0.00%
   8  ChaVoc    7.80%    failed      0.00%
   9  ChlMac   10.27%    passed     96.69%
  10  ColLiv   11.89%    failed      0.00%
  11  ColStr   15.74%    failed      0.00%
  12  CorBra   15.85%    failed      0.17%
  13  CucCan   13.37%    failed      0.00%
  14  EurHel   11.37%    failed      0.00%
  15  FalPer   10.16%    failed      0.12%
  16  FulGla    8.11%    passed     98.53%
  17  GalGal   14.30%    failed      1.20%
  18  GavSte    8.29%    passed     80.95%
  19  HalLeu    8.22%    passed     29.37%
  20  LepDis    9.12%    passed     17.05%
  21  MelUnd   11.49%    failed      0.00%
  22  MerNub   13.47%    failed      0.25%
  23  MesUni   11.81%    failed      0.03%
  24  OpiHoa    9.50%    failed      0.00%
  25  PelCri    8.25%    passed     24.58%
  26  PhaLep    9.02%    failed      0.03%
  27  PhoRub    7.96%    failed      0.00%
  28  PicPub   23.47%    failed      0.00%
  29  PteGut   10.77%    passed     16.03%
  30  StrCam   22.59%    failed      0.00%
  31  TauEry    9.50%    failed      0.01%
  32  TytAlb    9.59%    failed      0.00%
****  TOTAL    11.72%  22 sequences failed composition chi2 test (p-value<5%; df=3)
Reading tree /data/schwartzlab/eren/Chapter1/Concord_Analyses/ReferenceTrees/Cladograms/JarvisClad.nwk ...
rooted tree with 32 taxa and 63 branches
Reading tree(s) file /data/schwartzlab/eren/Chapter1/Concord_Analyses/LocusTrees/unannotated_loci.treefile ...
38382 tree(s) loaded (0 rooted and 38382 unrooted)
Trees have different number of taxa
Computing gene concordance factor...
2.412 sec
Computing site concordance factor...
18.356 sec
Tree with concordance factors written to JarvisClad.nwk_unannotated_concord.cf.tree
Annotated tree (best viewed in FigTree) written to JarvisClad.nwk_unannotated_concord.cf.tree.nex
Tree with branch IDs written to JarvisClad.nwk_unannotated_concord.cf.branch
Concordance factors per branch printed to JarvisClad.nwk_unannotated_concord.cf.stat
Date and Time: Tue Sep 21 14:11:12 2021
